Godot Engine v4.2.2.stable.official.15073afe3 - https://godotengine.org
Vulkan API 1.3.260 - Forward+ - Using Vulkan Device #0: NVIDIA - NVIDIA GeForce GTX 1050 Ti
 
USER ERROR: Can't change this state while flushing queries. Use call_deferred() or set_deferred() to change monitoring state instead.
   at: area_set_shape_disabled (servers/physics_2d/godot_physics_server_2d.cpp:355)
hola
15
hola
15
USER ERROR: Can't change this state while flushing queries. Use call_deferred() or set_deferred() to change monitoring state instead.
   at: area_set_shape_disabled (servers/physics_2d/godot_physics_server_2d.cpp:355)
hola
15
hola
5
USER ERROR: Can't change this state while flushing queries. Use call_deferred() or set_deferred() to change monitoring state instead.
   at: area_set_shape_disabled (servers/physics_2d/godot_physics_server_2d.cpp:355)
USER ERROR: Can't change this state while flushing queries. Use call_deferred() or set_deferred() to change monitoring state instead.
   at: area_set_shape_disabled (servers/physics_2d/godot_physics_server_2d.cpp:355)
hola
15
hola
5
5
hola
5
hola
15
hola
5
hola
5
USER ERROR: Can't change this state while flushing queries. Use call_deferred() or set_deferred() to change monitoring state instead.
   at: area_set_shape_disabled (servers/physics_2d/godot_physics_server_2d.cpp:355)
hola
5
USER ERROR: Can't change this state while flushing queries. Use call_deferred() or set_deferred() to change monitoring state instead.
   at: area_set_shape_disabled (servers/physics_2d/godot_physics_server_2d.cpp:355)
hola
5
hola
5
USER ERROR: Can't change this state while flushing queries. Use call_deferred() or set_deferred() to change monitoring state instead.
   at: area_set_shape_disabled (servers/physics_2d/godot_physics_server_2d.cpp:355)
USER ERROR: Can't change this state while flushing queries. Use call_deferred() or set_deferred() to change monitoring state instead.
   at: area_set_shape_disabled (servers/physics_2d/godot_physics_server_2d.cpp:355)
hola
5
hola
5
hola
5
hola
5
USER ERROR: Can't change this state while flushing queries. Use call_deferred() or set_deferred() to change monitoring state instead.
   at: area_set_shape_disabled (servers/physics_2d/godot_physics_server_2d.cpp:355)
hola
15
USER ERROR: Can't change this state while flushing queries. Use call_deferred() or set_deferred() to change monitoring state instead.
   at: area_set_shape_disabled (servers/physics_2d/godot_physics_server_2d.cpp:355)
USER ERROR: Can't change this state while flushing queries. Use call_deferred() or set_deferred() to change monitoring state instead.
   at: area_set_shape_disabled (servers/physics_2d/godot_physics_server_2d.cpp:355)
USER ERROR: Can't change this state while flushing queries. Use call_deferred() or set_deferred() to change monitoring state instead.
   at: area_set_shape_disabled (servers/physics_2d/godot_physics_server_2d.cpp:355)
hola
5
hola
5
hola
5
hola
5
hola
5
hola
5
hola
15
hola
5
hola
5
hola
5
hola
5
hola
5
hola
5
hola
15
hola
5
hola
5
hola
5
hola
5
hola
5
hola
5
hola
15
USER ERROR: Can't change this state while flushing queries. Use call_deferred() or set_deferred() to change monitoring state instead.
   at: area_set_shape_disabled (servers/physics_2d/godot_physics_server_2d.cpp:355)
hola
5
hola
5
hola
5
hola
5
hola
5
hola
5
hola
5
hola
15
hola
5
hola
5
hola
5
hola
5
hola
5
hola
5
hola
5
hola
15
hola
5
hola
5
hola
5
hola
5
hola
5
hola
5
hola
5
hola
15
USER ERROR: Can't change this state while flushing queries. Use call_deferred() or set_deferred() to change monitoring state instead.
   at: area_set_shape_disabled (servers/physics_2d/godot_physics_server_2d.cpp:355)
hola
5
hola
5
hola
5
hola
5
hola
5
hola
5
hola
5
hola
5
hola
15
hola
5
hola
5
hola
5
hola
5
hola
5
hola
5
hola
5
hola
5
hola
15
USER ERROR: Can't change this state while flushing queries. Use call_deferred() or set_deferred() to change monitoring state instead.
   at: area_set_shape_disabled (servers/physics_2d/godot_physics_server_2d.cpp:355)
hola
5
hola
5
hola
5
hola
5
hola
5
hola
5
hola
15
USER ERROR: Can't change this state while flushing queries. Use call_deferred() or set_deferred() to change monitoring state instead.
   at: area_set_shape_disabled (servers/physics_2d/godot_physics_server_2d.cpp:355)
hola
5
hola
5
hola
5
hola
5
hola
5
hola
15
hola
5
hola
5
hola
5
hola
5
hola
5
hola
15
USER ERROR: Can't change this state while flushing queries. Use call_deferred() or set_deferred() to change monitoring state instead.
   at: area_set_shape_disabled (servers/physics_2d/godot_physics_server_2d.cpp:355)
USER ERROR: Can't change this state while flushing queries. Use call_deferred() or set_deferred() to change monitoring state instead.
   at: area_set_shape_disabled (servers/physics_2d/godot_physics_server_2d.cpp:355)
USER ERROR: Can't change this state while flushing queries. Use call_deferred() or set_deferred() to change monitoring state instead.
   at: area_set_shape_disabled (servers/physics_2d/godot_physics_server_2d.cpp:355)
hola
5
hola
5
hola
5
ERROR: 2 RID allocations of type 'P11GodotArea2D' were leaked at exit.
ERROR: 3 RID allocations of type 'P12GodotShape2D' were leaked at exit.
USER WARNING: 18 RIDs of type "CanvasItem" were leaked.
   at: _free_rids (servers/rendering/renderer_canvas_cull.cpp:2178)
ERROR: 75 RID allocations of type 'N10RendererRD14TextureStorage7TextureE' were leaked at exit.
USER ERROR: Parameter "RenderingServer::get_singleton()" is null.
   at: ~CompressedTexture2D (scene/resources/compressed_texture.cpp:464)
